e:\code\vc\6000demo\6000demo\debug\6000demo.pch
e:\code\vc\6000demo\6000demo\debug\vc140.pdb
e:\code\vc\6000demo\6000demo\debug\vc140.idb
e:\code\vc\6000demo\6000demo\debug\stdafx.obj
e:\code\vc\6000demo\6000demo\debug\6000demo.obj
e:\code\vc\6000demo\6000demo\debug\6000demodlg.obj
e:\code\vc\6000demo\6000demo\debug\client.obj
e:\code\vc\6000demo\6000demo\debug\com_func.obj
e:\code\vc\6000demo\6000demo\debug\ddmm.obj
e:\code\vc\6000demo\6000demo\debug\drawyuv.obj
e:\code\vc\6000demo\6000demo\debug\encrypt.obj
e:\code\vc\6000demo\6000demo\debug\hih264decoder.obj
e:\code\vc\6000demo\6000demo\debug\page0.obj
e:\code\vc\6000demo\6000demo\debug\page1.obj
e:\code\vc\6000demo\6000demo\debug\page2.obj
e:\code\vc\6000demo\6000demo\debug\page3.obj
e:\code\vc\6000demo\6000demo\debug\socket.obj
e:\code\vc\6000demo\6000demo\debug\videovo.obj
e:\code\vc\6000demo\6000demo\debug\videochn.obj
e:\code\vs2015\6000demo\6000demo\debug\6000demo.pch
e:\code\vs2015\6000demo\6000demo\debug\vc140.pdb
e:\code\vs2015\6000demo\6000demo\debug\vc140.idb
e:\code\vs2015\6000demo\6000demo\debug\stdafx.obj
e:\code\vs2015\6000demo\6000demo\debug\6000demo.obj
e:\code\vs2015\6000demo\6000demo\debug\6000demodlg.obj
e:\code\vs2015\6000demo\6000demo\debug\client.obj
e:\code\vs2015\6000demo\6000demo\debug\com_func.obj
e:\code\vs2015\6000demo\6000demo\debug\ddmm.obj
e:\code\vs2015\6000demo\6000demo\debug\drawyuv.obj
e:\code\vs2015\6000demo\6000demo\debug\encrypt.obj
e:\code\vs2015\6000demo\6000demo\debug\hih264decoder.obj
e:\code\vs2015\6000demo\6000demo\debug\page0.obj
e:\code\vs2015\6000demo\6000demo\debug\page1.obj
e:\code\vs2015\6000demo\6000demo\debug\page2.obj
e:\code\vs2015\6000demo\6000demo\debug\page3.obj
e:\code\vs2015\6000demo\6000demo\debug\socket.obj
e:\code\vs2015\6000demo\6000demo\debug\videochn.obj
e:\code\vs2015\6000demo\6000demo\debug\videovo.obj
e:\code\vc\6000demo\debug\6000demo.ilk
e:\code\vc\6000demo\debug\6000demo.exe
e:\code\vc\6000demo\debug\6000demo.pdb
e:\code\vs2015\6000demo\debug\6000demo.ilk
e:\code\vs2015\6000demo\debug\6000demo.exe
e:\code\vs2015\6000demo\debug\6000demo.pdb
e:\code\vc\6000demo\6000demo\debug\6000demo.res
e:\code\vs2015\6000demo\6000demo\debug\6000demo.res
e:\code\vs2015\6000demo\6000demo\debug\videochn.obj.enc
e:\code\vs2015\6000demo\6000demo\debug\6000demo.tlog\cl.command.1.tlog
e:\code\vs2015\6000demo\6000demo\debug\6000demo.tlog\cl.read.1.tlog
e:\code\vs2015\6000demo\6000demo\debug\6000demo.tlog\cl.write.1.tlog
e:\code\vs2015\6000demo\6000demo\debug\6000demo.tlog\link.command.1.tlog
e:\code\vs2015\6000demo\6000demo\debug\6000demo.tlog\link.read.1.tlog
e:\code\vs2015\6000demo\6000demo\debug\6000demo.tlog\link.write.1.tlog
e:\code\vs2015\6000demo\6000demo\debug\6000demo.tlog\rc.command.1.tlog
e:\code\vs2015\6000demo\6000demo\debug\6000demo.tlog\rc.read.1.tlog
e:\code\vs2015\6000demo\6000demo\debug\6000demo.tlog\rc.write.1.tlog
